<?xml version="1.0" encoding="UTF-8"?>
<!-- Generated by org.testng.reporters.JUnitXMLReporter -->
<testsuite ignored="0" hostname="HP" failures="2" tests="16" name="TestParallelClasses" time="35.764" errors="0" timestamp="2022-07-27T18:09:52 IST">
  <testcase classname="testNG.TestSuite1" name="WXWZ" time="0.008"/>
  <testcase classname="testNG.TestSuite2" name="WXWZ" time="0.008"/>
  <testcase classname="testNG.TestSuite2" name="b1" time="9.667"/>
  <testcase classname="testNG.TestSuite2" name="jklm" time="0.007"/>
  <testcase classname="testNG.TestSuite1" name="a1" time="15.886"/>
  <testcase classname="testNG.TestSuite1" name="jklm" time="0.002"/>
  <testcase classname="testNG.TestSuite1" name="pqrs" time="19.373"/>
  <testcase classname="testNG.TestSuite1" name="xyz" time="0.011">
    <failure type="java.lang.AssertionError" message="null">
      <![CDATA[java.lang.AssertionError: null
at testNG.TestSuite1.xyz(TestSuite1.java:61)
at java.base/java.util.concurrent.ThreadPoolExecutor.runWorker(ThreadPoolExecutor.java:1136)
at java.base/java.util.concurrent.ThreadPoolExecutor$Worker.run(ThreadPoolExecutor.java:635)
at java.base/java.lang.Thread.run(Thread.java:833)
... Removed 12 stack frames]]>
    </failure>
  </testcase> <!-- xyz -->
  <testcase classname="testNG.TestSuite1" name="Mno" time="0.002"/>
  <testcase classname="testNG.TestSuite1" name="Mno" time="0.001"/>
  <testcase classname="testNG.TestSuite1" name="Mno" time="0.001"/>
  <testcase classname="testNG.TestSuite2" name="pqrs" time="26.031"/>
  <testcase classname="testNG.TestSuite2" name="xyz" time="0.002">
    <failure type="java.lang.AssertionError" message="null">
      <![CDATA[java.lang.AssertionError: null
at testNG.TestSuite2.xyz(TestSuite2.java:61)
at java.base/java.util.concurrent.ThreadPoolExecutor.runWorker(ThreadPoolExecutor.java:1136)
at java.base/java.util.concurrent.ThreadPoolExecutor$Worker.run(ThreadPoolExecutor.java:635)
at java.base/java.lang.Thread.run(Thread.java:833)
... Removed 12 stack frames]]>
    </failure>
  </testcase> <!-- xyz -->
  <testcase classname="testNG.TestSuite2" name="Mno" time="0.001"/>
  <testcase classname="testNG.TestSuite2" name="Mno" time="0.001"/>
  <testcase classname="testNG.TestSuite2" name="Mno" time="0.001"/>
</testsuite> <!-- TestParallelClasses -->
