<?xml version="1.0" encoding="UTF-8"?>
<!-- Generated by org.testng.reporters.JUnitXMLReporter -->
<testsuite ignored="0" hostname="HP" failures="0" tests="1" name="TestAmezonSuit" time="2.52" errors="0" timestamp="2022-07-28T01:14:33 IST">
  <testcase classname="amezonPOMClassesExecution.AmezonExecution" name="@BeforeMethod Bmethod" time="0.001">
    <failure type="java.lang.NullPointerException" message="Cannot invoke &amp;quot;org.openqa.selenium.SearchContext.findElement(org.openqa.selenium.By)&amp;quot; because &amp;quot;this.searchContext&amp;quot; is null">
      <![CDATA[java.lang.NullPointerException: Cannot invoke "org.openqa.selenium.SearchContext.findElement(org.openqa.selenium.By)" because "this.searchContext" is null
at org.openqa.selenium.support.pagefactory.DefaultElementLocator.findElement(DefaultElementLocator.java:70)
at org.openqa.selenium.support.pagefactory.internal.LocatingElementHandler.invoke(LocatingElementHandler.java:39)
at jdk.proxy2/jdk.proxy2.$Proxy22.click(Unknown Source)
at amezonPOMClasses.AmeLoginPage.setUN(AmeLoginPage.java:35)
at amezonPOMClassesExecution.AmezonExecution.Bmethod(AmezonExecution.java:69)
at java.base/java.util.ArrayList.forEach(ArrayList.java:1511)
... Removed 29 stack frames]]>
    </failure>
  </testcase> <!-- @BeforeMethod Bmethod -->
  <testcase classname="amezonPOMClassesExecution.AmezonExecution" name="@AfterMethod Amethod" time="-1.658951072989E9">
    <skipped/>
  </testcase> <!-- @AfterMethod Amethod -->
  <testcase classname="amezonPOMClassesExecution.AmezonExecution" name="@AfterClass Aclass" time="-1.658951072991E9">
    <skipped/>
  </testcase> <!-- @AfterClass Aclass -->
  <testcase classname="amezonPOMClassesExecution.AmezonExecution" name="@AfterTest Atest" time="-1.658951072993E9">
    <skipped/>
  </testcase> <!-- @AfterTest Atest -->
  <testcase classname="amezonPOMClassesExecution.AmezonExecution" name="Test" time="0.0">
    <skipped/>
  </testcase> <!-- Test -->
</testsuite> <!-- TestAmezonSuit -->
