<?xml version="1.0" encoding="UTF-8"?>
<!-- Generated by org.testng.reporters.JUnitXMLReporter -->
<testsuite ignored="10" hostname="HP" failures="2" tests="2" name="Default test(failed)(failed)" time="0.044" errors="0" timestamp="2022-07-28T15:57:41 IST">
  <testcase classname="testNG.TestSuite1" name="xyz" time="0.012">
    <failure type="java.lang.AssertionError" message="null">
      <![CDATA[java.lang.AssertionError: null
at testNG.TestSuite1.xyz(TestSuite1.java:61)
at java.base/java.util.ArrayList.forEach(ArrayList.java:1511)
... Removed 27 stack frames]]>
    </failure>
  </testcase> <!-- xyz -->
  <testcase classname="testNG.TestSuite2" name="xyz" time="0.001">
    <failure type="java.lang.AssertionError" message="null">
      <![CDATA[java.lang.AssertionError: null
at testNG.TestSuite2.xyz(TestSuite2.java:61)
at java.base/java.util.ArrayList.forEach(ArrayList.java:1511)
... Removed 27 stack frames]]>
    </failure>
  </testcase> <!-- xyz -->
  <testcase classname="testNG.TestSuite1" name="WXWZ" time="0.0">
    <ignored/>
  </testcase> <!-- WXWZ -->
  <testcase classname="testNG.TestSuite2" name="Mno" time="0.0">
    <ignored/>
  </testcase> <!-- Mno -->
  <testcase classname="testNG.TestSuite2" name="WXWZ" time="0.0">
    <ignored/>
  </testcase> <!-- WXWZ -->
  <testcase classname="testNG.TestSuite1" name="a1" time="0.0">
    <ignored/>
  </testcase> <!-- a1 -->
  <testcase classname="testNG.TestSuite2" name="jklm" time="0.0">
    <ignored/>
  </testcase> <!-- jklm -->
  <testcase classname="testNG.TestSuite1" name="pqrs" time="0.0">
    <ignored/>
  </testcase> <!-- pqrs -->
  <testcase classname="testNG.TestSuite2" name="b1" time="0.0">
    <ignored/>
  </testcase> <!-- b1 -->
  <testcase classname="testNG.TestSuite1" name="Mno" time="0.0">
    <ignored/>
  </testcase> <!-- Mno -->
  <testcase classname="testNG.TestSuite2" name="pqrs" time="0.0">
    <ignored/>
  </testcase> <!-- pqrs -->
  <testcase classname="testNG.TestSuite1" name="jklm" time="0.0">
    <ignored/>
  </testcase> <!-- jklm -->
</testsuite> <!-- Default test(failed)(failed) -->
