<?xml version="1.0" encoding="UTF-8"?>
<!-- Generated by org.testng.reporters.JUnitXMLReporter -->
<testsuite ignored="6" hostname="HP" failures="0" tests="1" name="TestGroup1" time="0.031" errors="0" timestamp="2022-07-27T20:05:23 IST">
  <testcase classname="testNGSuites.Group1" name="g4" time="0.008"/>
  <testcase classname="testNGSuites.Group1" name="g1" time="0.0">
    <ignored/>
  </testcase> <!-- g1 -->
  <testcase classname="testNGSuites.Group1" name="g7" time="0.0">
    <ignored/>
  </testcase> <!-- g7 -->
  <testcase classname="testNGSuites.Group1" name="g3" time="0.0">
    <ignored/>
  </testcase> <!-- g3 -->
  <testcase classname="testNGSuites.Group1" name="g6" time="0.0">
    <ignored/>
  </testcase> <!-- g6 -->
  <testcase classname="testNGSuites.Group1" name="g5" time="0.0">
    <ignored/>
  </testcase> <!-- g5 -->
  <testcase classname="testNGSuites.Group1" name="g2" time="0.0">
    <ignored/>
  </testcase> <!-- g2 -->
</testsuite> <!-- TestGroup1 -->
