<?xml version="1.0" encoding="UTF-8"?>
<!-- Generated by org.testng.reporters.JUnitXMLReporter -->
<testsuite ignored="3" hostname="HP" failures="0" tests="3" name="TestRegExp" time="0.044" errors="0" timestamp="2022-07-29T08:41:05 IST">
  <testcase classname="testNG.TestNGRegularExpression" name="f1" time="0.008"/>
  <testcase classname="testNG.TestNGRegularExpression" name="f2" time="0.001"/>
  <testcase classname="testNG.TestNGRegularExpression" name="f3" time="0.0"/>
  <testcase classname="testNG.TestNGRegularExpression" name="c1" time="0.0">
    <ignored/>
  </testcase> <!-- c1 -->
  <testcase classname="testNG.TestNGRegularExpression" name="c3" time="0.0">
    <ignored/>
  </testcase> <!-- c3 -->
  <testcase classname="testNG.TestNGRegularExpression" name="c2" time="0.0">
    <ignored/>
  </testcase> <!-- c2 -->
</testsuite> <!-- TestRegExp -->
