<?xml version="1.0" encoding="UTF-8"?>
<!-- Generated by org.testng.reporters.JUnitXMLReporter -->
<testsuite ignored="0" hostname="HP" failures="1" tests="8" name="TestTestSuiteParallel1" time="20.52" errors="0" timestamp="2022-07-27T16:55:30 IST">
  <testcase classname="testNG.TestSuite1" name="WXWZ" time="0.007"/>
  <testcase classname="testNG.TestSuite1" name="a1" time="6.05"/>
  <testcase classname="testNG.TestSuite1" name="jklm" time="0.007"/>
  <testcase classname="testNG.TestSuite1" name="pqrs" time="14.402"/>
  <testcase classname="testNG.TestSuite1" name="xyz" time="0.016">
    <failure type="java.lang.AssertionError" message="null">
      <![CDATA[java.lang.AssertionError: null
at testNG.TestSuite1.xyz(TestSuite1.java:61)
at java.base/java.util.concurrent.ThreadPoolExecutor.runWorker(ThreadPoolExecutor.java:1136)
at java.base/java.util.concurrent.ThreadPoolExecutor$Worker.run(ThreadPoolExecutor.java:635)
at java.base/java.lang.Thread.run(Thread.java:833)
... Removed 12 stack frames]]>
    </failure>
  </testcase> <!-- xyz -->
  <testcase classname="testNG.TestSuite1" name="Mno" time="0.0"/>
  <testcase classname="testNG.TestSuite1" name="Mno" time="0.0"/>
  <testcase classname="testNG.TestSuite1" name="Mno" time="0.0"/>
</testsuite> <!-- TestTestSuiteParallel1 -->
