<?xml version="1.0" encoding="UTF-8"?>
<!-- Generated by org.testng.reporters.JUnitXMLReporter -->
<testsuite ignored="0" hostname="HP" failures="2" tests="16" name="TestParallelMethods" time="18.195" errors="0" timestamp="2022-07-27T17:55:09 IST">
  <testcase classname="testNG.TestSuite2" name="WXWZ" time="0.01"/>
  <testcase classname="testNG.TestSuite1" name="WXWZ" time="0.011"/>
  <testcase classname="testNG.TestSuite2" name="jklm" time="0.012"/>
  <testcase classname="testNG.TestSuite1" name="jklm" time="0.002"/>
  <testcase classname="testNG.TestSuite1" name="xyz" time="0.002">
    <failure type="java.lang.AssertionError" message="null">
      <![CDATA[java.lang.AssertionError: null
at testNG.TestSuite1.xyz(TestSuite1.java:61)
at java.base/java.util.concurrent.ThreadPoolExecutor.runWorker(ThreadPoolExecutor.java:1136)
at java.base/java.util.concurrent.ThreadPoolExecutor$Worker.run(ThreadPoolExecutor.java:635)
at java.base/java.lang.Thread.run(Thread.java:833)
... Removed 12 stack frames]]>
    </failure>
  </testcase> <!-- xyz -->
  <testcase classname="testNG.TestSuite2" name="xyz" time="0.001">
    <failure type="java.lang.AssertionError" message="null">
      <![CDATA[java.lang.AssertionError: null
at testNG.TestSuite2.xyz(TestSuite2.java:61)
at java.base/java.util.concurrent.ThreadPoolExecutor.runWorker(ThreadPoolExecutor.java:1136)
at java.base/java.util.concurrent.ThreadPoolExecutor$Worker.run(ThreadPoolExecutor.java:635)
at java.base/java.lang.Thread.run(Thread.java:833)
... Removed 12 stack frames]]>
    </failure>
  </testcase> <!-- xyz -->
  <testcase classname="testNG.TestSuite2" name="Mno" time="0.001"/>
  <testcase classname="testNG.TestSuite2" name="Mno" time="0.001"/>
  <testcase classname="testNG.TestSuite2" name="Mno" time="0.001"/>
  <testcase classname="testNG.TestSuite1" name="Mno" time="0.002"/>
  <testcase classname="testNG.TestSuite1" name="Mno" time="0.003"/>
  <testcase classname="testNG.TestSuite1" name="Mno" time="0.002"/>
  <testcase classname="testNG.TestSuite2" name="b1" time="7.493"/>
  <testcase classname="testNG.TestSuite1" name="a1" time="8.424"/>
  <testcase classname="testNG.TestSuite2" name="pqrs" time="13.113"/>
  <testcase classname="testNG.TestSuite1" name="pqrs" time="18.146"/>
</testsuite> <!-- TestParallelMethods -->
