<?xml version="1.0" encoding="UTF-8"?>
<!-- Generated by org.testng.reporters.JUnitXMLReporter -->
<testsuite ignored="0" hostname="HP" failures="2" tests="16" name="TestParallel" time="34.28" errors="0" timestamp="2022-07-27T17:53:46 IST">
  <testcase classname="testNG.TestSuite2" name="WXWZ" time="0.008"/>
  <testcase classname="testNG.TestSuite1" name="WXWZ" time="0.002"/>
  <testcase classname="testNG.TestSuite1" name="a1" time="6.448"/>
  <testcase classname="testNG.TestSuite2" name="b1" time="5.386"/>
  <testcase classname="testNG.TestSuite2" name="jklm" time="0.003"/>
  <testcase classname="testNG.TestSuite1" name="jklm" time="0.001"/>
  <testcase classname="testNG.TestSuite2" name="pqrs" time="8.196"/>
  <testcase classname="testNG.TestSuite1" name="pqrs" time="14.14"/>
  <testcase classname="testNG.TestSuite2" name="xyz" time="0.009">
    <failure type="java.lang.AssertionError" message="null">
      <![CDATA[java.lang.AssertionError: null
at testNG.TestSuite2.xyz(TestSuite2.java:61)
at java.base/java.util.ArrayList.forEach(ArrayList.java:1511)
at java.base/java.util.concurrent.FutureTask.run(FutureTask.java:264)
at java.base/java.util.concurrent.ThreadPoolExecutor.runWorker(ThreadPoolExecutor.java:1136)
at java.base/java.util.concurrent.ThreadPoolExecutor$Worker.run(ThreadPoolExecutor.java:635)
at java.base/java.lang.Thread.run(Thread.java:833)
... Removed 18 stack frames]]>
    </failure>
  </testcase> <!-- xyz -->
  <testcase classname="testNG.TestSuite1" name="xyz" time="0.01">
    <failure type="java.lang.AssertionError" message="null">
      <![CDATA[java.lang.AssertionError: null
at testNG.TestSuite1.xyz(TestSuite1.java:61)
at java.base/java.util.ArrayList.forEach(ArrayList.java:1511)
at java.base/java.util.concurrent.FutureTask.run(FutureTask.java:264)
at java.base/java.util.concurrent.ThreadPoolExecutor.runWorker(ThreadPoolExecutor.java:1136)
at java.base/java.util.concurrent.ThreadPoolExecutor$Worker.run(ThreadPoolExecutor.java:635)
at java.base/java.lang.Thread.run(Thread.java:833)
... Removed 18 stack frames]]>
    </failure>
  </testcase> <!-- xyz -->
  <testcase classname="testNG.TestSuite2" name="Mno" time="0.006"/>
  <testcase classname="testNG.TestSuite2" name="Mno" time="0.002"/>
  <testcase classname="testNG.TestSuite2" name="Mno" time="0.0"/>
  <testcase classname="testNG.TestSuite1" name="Mno" time="0.011"/>
  <testcase classname="testNG.TestSuite1" name="Mno" time="0.001"/>
  <testcase classname="testNG.TestSuite1" name="Mno" time="0.007"/>
</testsuite> <!-- TestParallel -->
