<?xml version="1.0" encoding="UTF-8"?>
<!-- Generated by org.testng.reporters.JUnitXMLReporter -->
<testsuite ignored="12" hostname="HP" failures="6" tests="6" name="TestAssert1" time="0.042" errors="0" timestamp="2022-07-29T08:54:44 IST">
  <testcase classname="testNG.Assertion1" name="asser1111" time="0.008">
    <failure type="java.lang.AssertionError" message="did not expect [11] but found [11]">
      <![CDATA[java.lang.AssertionError: did not expect [11] but found [11]
at testNG.Assertion1.asser1111(Assertion1.java:28)
at java.base/java.util.ArrayList.forEach(ArrayList.java:1511)
... Removed 30 stack frames]]>
    </failure>
  </testcase> <!-- asser1111 -->
  <testcase classname="testNG.Assertion1" name="asser2" time="0.001">
    <failure type="java.lang.AssertionError" message="expected [All iz Well] but found [Everything will be Okay]">
      <![CDATA[java.lang.AssertionError: expected [All iz Well] but found [Everything will be Okay]
at testNG.Assertion1.asser2(Assertion1.java:35)
at java.base/java.util.ArrayList.forEach(ArrayList.java:1511)
... Removed 31 stack frames]]>
    </failure>
  </testcase> <!-- asser2 -->
  <testcase classname="testNG.Assertion1" name="asser222" time="0.001">
    <failure type="java.lang.AssertionError" message="did not expect [22] but found [22]">
      <![CDATA[java.lang.AssertionError: did not expect [22] but found [22]
at testNG.Assertion1.asser222(Assertion1.java:48)
at java.base/java.util.ArrayList.forEach(ArrayList.java:1511)
... Removed 30 stack frames]]>
    </failure>
  </testcase> <!-- asser222 -->
  <testcase classname="testNG.Assertion1" name="asser5" time="0.001">
    <failure type="java.lang.AssertionError" message="expected [true] but found [false]">
      <![CDATA[java.lang.AssertionError: expected [true] but found [false]
at testNG.Assertion1.asser5(Assertion1.java:83)
at java.base/java.util.ArrayList.forEach(ArrayList.java:1511)
... Removed 29 stack frames]]>
    </failure>
  </testcase> <!-- asser5 -->
  <testcase classname="testNG.Assertion1" name="asser99" time="0.001">
    <failure type="java.lang.AssertionError" message="expected [null] but found [abc]">
      <![CDATA[java.lang.AssertionError: expected [null] but found [abc]
at testNG.Assertion1.asser99(Assertion1.java:100)
at java.base/java.util.ArrayList.forEach(ArrayList.java:1511)
... Removed 29 stack frames]]>
    </failure>
  </testcase> <!-- asser99 -->
  <testcase classname="testNG.Assertion1" name="asser999" time="0.0">
    <failure type="java.lang.AssertionError" message="expected object to not be null">
      <![CDATA[java.lang.AssertionError: expected object to not be null
at testNG.Assertion1.asser999(Assertion1.java:105)
at java.base/java.util.ArrayList.forEach(ArrayList.java:1511)
... Removed 28 stack frames]]>
    </failure>
  </testcase> <!-- asser999 -->
  <testcase classname="testNG.Assertion1" name="asser9" time="0.0">
    <ignored/>
  </testcase> <!-- asser9 -->
  <testcase classname="testNG.Assertion1" name="asser111" time="0.0">
    <ignored/>
  </testcase> <!-- asser111 -->
  <testcase classname="testNG.Assertion1" name="asser2222" time="0.0">
    <ignored/>
  </testcase> <!-- asser2222 -->
  <testcase classname="testNG.Assertion1" name="asser4" time="0.0">
    <ignored/>
  </testcase> <!-- asser4 -->
  <testcase classname="testNG.Assertion1" name="asser1" time="0.0">
    <ignored/>
  </testcase> <!-- asser1 -->
  <testcase classname="testNG.Assertion1" name="asser11" time="0.0">
    <ignored/>
  </testcase> <!-- asser11 -->
  <testcase classname="testNG.Assertion1" name="asser33" time="0.0">
    <ignored/>
  </testcase> <!-- asser33 -->
  <testcase classname="testNG.Assertion1" name="asser44" time="0.0">
    <ignored/>
  </testcase> <!-- asser44 -->
  <testcase classname="testNG.Assertion1" name="asser22" time="0.0">
    <ignored/>
  </testcase> <!-- asser22 -->
  <testcase classname="testNG.Assertion1" name="asser55" time="0.0">
    <ignored/>
  </testcase> <!-- asser55 -->
  <testcase classname="testNG.Assertion1" name="asser3" time="0.0">
    <ignored/>
  </testcase> <!-- asser3 -->
  <testcase classname="testNG.Assertion1" name="asser9999" time="0.0">
    <ignored/>
  </testcase> <!-- asser9999 -->
</testsuite> <!-- TestAssert1 -->
