<?xml version="1.0" encoding="UTF-8"?>
<!-- Generated by org.testng.reporters.JUnitXMLReporter -->
<testsuite ignored="0" hostname="HP" failures="1" tests="5" name="TestTestSuite2Listeners" time="0.056" errors="0" timestamp="2022-08-08T17:55:22 IST">
  <testcase classname="programBySir.TestSuite2Listener" name="w10" time="0.008"/>
  <testcase classname="programBySir.TestSuite2Listener" name="w6" time="0.0"/>
  <testcase classname="programBySir.TestSuite2Listener" name="w7" time="0.001"/>
  <testcase classname="programBySir.TestSuite2Listener" name="w8" time="0.002">
    <failure type="java.lang.AssertionError" message="null">
      <![CDATA[java.lang.AssertionError: null
at programBySir.TestSuite2Listener.w8(TestSuite2Listener.java:20)
at java.base/java.util.ArrayList.forEach(ArrayList.java:1511)
... Removed 27 stack frames]]>
    </failure>
  </testcase> <!-- w8 -->
  <testcase classname="programBySir.TestSuite2Listener" name="w9" time="0.001"/>
</testsuite> <!-- TestTestSuite2Listeners -->
